# JRE version: OpenJDK Runtime Environment Homebrew (16.0.1) (build 16.0.1+0)
# Java VM: OpenJDK 64-Bit Server VM Homebrew (16.0.1+0, mixed mode, sharing, tiered, compressed oops, compressed class ptrs, g1 gc, bsd-amd64)
GC Precious Log:
 CPUs: 8 total, 8 available
 Memory: 16384M
 Large Page Support: Disabled
 NUMA Support: Disabled
 Compressed Oops: Enabled (Zero based)
 Heap Region Size: 2M
 Heap Min Capacity: 8M
 Heap Initial Capacity: 256M
 Heap Max Capacity: 4G
 Pre-touch: Disabled
 Parallel Workers: 8
 Concurrent Workers: 2
 Concurrent Refinement Workers: 8
 Periodic GC: Disabled
Heap:
 garbage-first heap   total 90112K, used 32200K [0x0000000700000000, 0x0000000800000000)
  region size 2048K, 4 young (8192K), 2 survivors (4096K)
 Metaspace       used 57767K, committed 58176K, reserved 1105920K
  class space    used 7789K, committed 7936K, reserved 1048576K
GC Heap History (20 events):
Event: 1.401 GC heap before
{Heap before GC invocations=1 (full 0):
 garbage-first heap   total 266240K, used 30028K [0x0000000700000000, 0x0000000800000000)
  region size 2048K, 13 young (26624K), 2 survivors (4096K)
 Metaspace       used 13141K, committed 13376K, reserved 1064960K
  class space    used 1706K, committed 1856K, reserved 1048576K
}
Event: 1.408 GC heap after
{Heap after GC invocations=2 (full 0):
 garbage-first heap   total 266240K, used 11700K [0x0000000700000000, 0x0000000800000000)
  region size 2048K, 2 young (4096K), 2 survivors (4096K)
 Metaspace       used 13141K, committed 13376K, reserved 1064960K
  class space    used 1706K, committed 1856K, reserved 1048576K
}
Event: 1.888 GC heap before
{Heap before GC invocations=2 (full 0):
 garbage-first heap   total 266240K, used 64948K [0x0000000700000000, 0x0000000800000000)
  region size 2048K, 29 young (59392K), 2 survivors (4096K)
 Metaspace       used 17675K, committed 17984K, reserved 1073152K
  class space    used 2274K, committed 2432K, reserved 1048576K
}
Event: 1.891 GC heap after
{Heap after GC invocations=3 (full 0):
 garbage-first heap   total 266240K, used 13168K [0x0000000700000000, 0x0000000800000000)
  region size 2048K, 2 young (4096K), 2 survivors (4096K)
 Metaspace       used 17675K, committed 17984K, reserved 1073152K
  class space    used 2274K, committed 2432K, reserved 1048576K
}
Event: 2.540 GC heap before
{Heap before GC invocations=3 (full 0):
 garbage-first heap   total 266240K, used 47984K [0x0000000700000000, 0x0000000800000000)
  region size 2048K, 21 young (43008K), 2 survivors (4096K)
 Metaspace       used 20885K, committed 21248K, reserved 1073152K
  class space    used 2755K, committed 2944K, reserved 1048576K
}
Event: 2.546 GC heap after
{Heap after GC invocations=4 (full 0):
 garbage-first heap   total 266240K, used 14931K [0x0000000700000000, 0x0000000800000000)
  region size 2048K, 3 young (6144K), 3 survivors (6144K)
 Metaspace       used 20885K, committed 21248K, reserved 1073152K
  class space    used 2755K, committed 2944K, reserved 1048576K
}
Event: 3.090 GC heap before
{Heap before GC invocations=5 (full 0):
 garbage-first heap   total 69632K, used 49747K [0x0000000700000000, 0x0000000800000000)
  region size 2048K, 20 young (40960K), 3 survivors (6144K)
 Metaspace       used 25904K, committed 26240K, reserved 1073152K
  class space    used 3457K, committed 3648K, reserved 1048576K
}
Event: 3.099 GC heap after
{Heap after GC invocations=6 (full 0):
 garbage-first heap   total 69632K, used 18026K [0x0000000700000000, 0x0000000800000000)
  region size 2048K, 3 young (6144K), 3 survivors (6144K)
 Metaspace       used 25904K, committed 26240K, reserved 1073152K
  class space    used 3457K, committed 3648K, reserved 1048576K
}
Event: 3.105 GC heap before
{Heap before GC invocations=6 (full 0):
 garbage-first heap   total 69632K, used 42602K [0x0000000700000000, 0x0000000800000000)
  region size 2048K, 16 young (32768K), 3 survivors (6144K)
 Metaspace       used 25904K, committed 26240K, reserved 1073152K
  class space    used 3457K, committed 3648K, reserved 1048576K
}
Event: 3.111 GC heap after
{Heap after GC invocations=7 (full 0):
 garbage-first heap   total 69632K, used 17774K [0x0000000700000000, 0x0000000800000000)
  region size 2048K, 1 young (2048K), 1 survivors (2048K)
 Metaspace       used 25904K, committed 26240K, reserved 1073152K
  class space    used 3457K, committed 3648K, reserved 1048576K
}
Event: 3.313 GC heap before
{Heap before GC invocations=7 (full 0):
 garbage-first heap   total 69632K, used 44398K [0x0000000700000000, 0x0000000800000000)
  region size 2048K, 15 young (30720K), 1 survivors (2048K)
 Metaspace       used 27701K, committed 28032K, reserved 1073152K
  class space    used 3719K, committed 3904K, reserved 1048576K
}
Event: 3.318 GC heap after
{Heap after GC invocations=8 (full 0):
 garbage-first heap   total 149504K, used 18825K [0x0000000700000000, 0x0000000800000000)
  region size 2048K, 1 young (2048K), 1 survivors (2048K)
 Metaspace       used 27701K, committed 28032K, reserved 1073152K
  class space    used 3719K, committed 3904K, reserved 1048576K
}
Event: 4.328 GC heap before
{Heap before GC invocations=8 (full 0):
 garbage-first heap   total 149504K, used 49545K [0x0000000700000000, 0x0000000800000000)
  region size 2048K, 17 young (34816K), 1 survivors (2048K)
 Metaspace       used 35170K, committed 35520K, reserved 1081344K
  class space    used 4760K, committed 4992K, reserved 1048576K
}
Event: 4.332 GC heap after
{Heap after GC invocations=9 (full 0):
 garbage-first heap   total 149504K, used 20758K [0x0000000700000000, 0x0000000800000000)
  region size 2048K, 2 young (4096K), 2 survivors (4096K)
 Metaspace       used 35170K, committed 35520K, reserved 1081344K
  class space    used 4760K, committed 4992K, reserved 1048576K
}
Event: 5.144 GC heap before
{Heap before GC invocations=10 (full 0):
 garbage-first heap   total 90112K, used 69910K [0x0000000700000000, 0x0000000800000000)
  region size 2048K, 26 young (53248K), 2 survivors (4096K)
 Metaspace       used 44887K, committed 45248K, reserved 1089536K
  class space    used 6179K, committed 6336K, reserved 1048576K
}
Event: 5.149 GC heap after
{Heap after GC invocations=11 (full 0):
 garbage-first heap   total 90112K, used 23774K [0x0000000700000000, 0x0000000800000000)
  region size 2048K, 3 young (6144K), 3 survivors (6144K)
 Metaspace       used 44887K, committed 45248K, reserved 1089536K
  class space    used 6179K, committed 6336K, reserved 1048576K
}
Event: 5.747 GC heap before
{Heap before GC invocations=11 (full 0):
 garbage-first heap   total 90112K, used 66782K [0x0000000700000000, 0x0000000800000000)
  region size 2048K, 24 young (49152K), 3 survivors (6144K)
 Metaspace       used 51425K, committed 51904K, reserved 1097728K
  class space    used 7053K, committed 7296K, reserved 1048576K
}
Event: 5.755 GC heap after
{Heap after GC invocations=12 (full 0):
 garbage-first heap   total 90112K, used 27920K [0x0000000700000000, 0x0000000800000000)
  region size 2048K, 3 young (6144K), 3 survivors (6144K)
 Metaspace       used 51425K, committed 51904K, reserved 1097728K
  class space    used 7053K, committed 7296K, reserved 1048576K
}
Event: 34.447 GC heap before
{Heap before GC invocations=12 (full 0):
 garbage-first heap   total 90112K, used 64784K [0x0000000700000000, 0x0000000800000000)
  region size 2048K, 22 young (45056K), 3 survivors (6144K)
 Metaspace       used 57639K, committed 58048K, reserved 1105920K
  class space    used 7773K, committed 7936K, reserved 1048576K
}
Event: 34.453 GC heap after
{Heap after GC invocations=13 (full 0):
 garbage-first heap   total 90112K, used 30152K [0x0000000700000000, 0x0000000800000000)
  region size 2048K, 2 young (4096K), 2 survivors (4096K)
 Metaspace       used 57639K, committed 58048K, reserved 1105920K
  class space    used 7773K, committed 7936K, reserved 1048576K
}

